1511423267731	geckodriver	INFO	geckodriver 0.19.1
1511423267735	geckodriver	INFO	Listening on 127.0.0.1:58172
1511423268147	mozrunner::runner	INFO	Running command: "/Applications/Firefox.app/Contents/MacOS/firefox-bin" "-marionette" "-profile" "/var/folders/36/m0r28rn14_76wbg6dxy6q7q40000gn/T/rust_mozprofile.oXuMrVxlTPlR"
1511423268468	addons.xpi	WARN	Error parsing extensions state: [Exception... "Component returned failure code: 0x80520012 (NS_ERROR_FILE_NOT_FOUND) [amIAddonManagerStartup.readStartupData]"  nsresult: "0x80520012 (NS_ERROR_FILE_NOT_FOUND)"  location: "JS frame :: resource://gre/modules/addons/XPIProvider.jsm :: loadExtensionState :: line 1596"  data: no] Stack trace: loadExtensionState()@resource://gre/modules/addons/XPIProvider.jsm:1596 < getInstallState()@resource://gre/modules/addons/XPIProvider.jsm:1631 < checkForChanges()@resource://gre/modules/addons/XPIProvider.jsm:3152 < startup()@resource://gre/modules/addons/XPIProvider.jsm:2246 < callProvider()@resource://gre/modules/AddonManager.jsm:271 < _startProvider()@resource://gre/modules/AddonManager.jsm:741 < startup()@resource://gre/modules/AddonManager.jsm:908 < startup()@resource://gre/modules/AddonManager.jsm:3122 < observe()@jar:file:///Applications/Firefox.app/Contents/Resources/omni.ja!/components/addonManager.js:65
1511423268754	Marionette	INFO	Enabled via --marionette
2017-11-23 15:47:49.871 plugin-container[52450:2448779] *** CFMessagePort: bootstrap_register(): failed 1100 (0x44c) 'Permission denied', port = 0xac3b, name = 'com.apple.tsm.portname'
See /usr/include/servers/bootstrap_defs.h for the error codes.
2017-11-23 15:47:49.895 plugin-container[52450:2448779] *** CFMessagePort: bootstrap_register(): failed 1100 (0x44c) 'Permission denied', port = 0xb387, name = 'com.apple.coredrag'
See /usr/include/servers/bootstrap_defs.h for the error codes.
1511423270002	Marionette	INFO	Listening on port 58179
JavaScript error: chrome://marionette/content/server.js, line 337: NS_ERROR_SOCKET_ADDRESS_IN_USE: Component returned failure code: 0x804b0036 (NS_ERROR_SOCKET_ADDRESS_IN_USE) [nsIServerSocket.initSpecialConnection]
1511423270126	Marionette	WARN	TLS certificate errors will be ignored for this session
1511423270153	Marionette	DEBUG	loaded listener.js
1511423270170	Marionette	DEBUG	Received DOM event "beforeunload" for "about:blank"
2017-11-23 15:47:54.342 firefox-bin[52449:2448407] IMKInputSession [0x1202722c0 presentFunctionRowItemTextInputViewWithEndpoint:completionHandler:] : [self textInputContext]=0x1229343a0 *NO* NSRemoteViewController to client, NSError=Error Domain=NSCocoaErrorDomain Code=4097 "connection from pid 0" UserInfo={NSDebugDescription=connection from pid 0}, com.apple.inputmethod.EmojiFunctionRowItem
1511423276922	Marionette	DEBUG	Received DOM event "beforeunload" for "about:blank"
1511423276924	Marionette	DEBUG	Received DOM event "pagehide" for "about:blank"
1511423276924	Marionette	DEBUG	Received DOM event "unload" for "about:blank"
1511423277016	Marionette	DEBUG	Received DOM event "DOMContentLoaded" for "about:neterror?e=dnsNotFound&u=http%3A//wlsww.python.org/&c=UTF-8&f=regular&d=Firefox%20%E6%97%A0%E6%B3%95%E6%89%BE%E5%88%B0%E5%9C%A8%20wlsww.python.org%20%E7%9A%84%E6%9C%8D%E5%8A%A1%E5%99%A8%E3%80%82"
2017-11-23 15:48:11.055 firefox-bin[52449:2448407] IMKInputSession [0x1202722c0 presentFunctionRowItemTextInputViewWithEndpoint:completionHandler:] : [self textInputContext]=0x1229343a0 *NO* NSRemoteViewController to client, NSError=Error Domain=NSCocoaErrorDomain Code=4097 "connection from pid 0" UserInfo={NSDebugDescription=connection from pid 0}, com.apple.inputmethod.EmojiFunctionRowItem
1511423293858	geckodriver	INFO	geckodriver 0.19.1
1511423293864	geckodriver	INFO	Listening on 127.0.0.1:58306
1511423294221	mozrunner::runner	INFO	Running command: "/Applications/Firefox.app/Contents/MacOS/firefox-bin" "-marionette" "-profile" "/var/folders/36/m0r28rn14_76wbg6dxy6q7q40000gn/T/rust_mozprofile.WzYkpLMUUXNB"
1511423294415	addons.xpi	WARN	Error parsing extensions state: [Exception... "Component returned failure code: 0x80520012 (NS_ERROR_FILE_NOT_FOUND) [amIAddonManagerStartup.readStartupData]"  nsresult: "0x80520012 (NS_ERROR_FILE_NOT_FOUND)"  location: "JS frame :: resource://gre/modules/addons/XPIProvider.jsm :: loadExtensionState :: line 1596"  data: no] Stack trace: loadExtensionState()@resource://gre/modules/addons/XPIProvider.jsm:1596 < getInstallState()@resource://gre/modules/addons/XPIProvider.jsm:1631 < checkForChanges()@resource://gre/modules/addons/XPIProvider.jsm:3152 < startup()@resource://gre/modules/addons/XPIProvider.jsm:2246 < callProvider()@resource://gre/modules/AddonManager.jsm:271 < _startProvider()@resource://gre/modules/AddonManager.jsm:741 < startup()@resource://gre/modules/AddonManager.jsm:908 < startup()@resource://gre/modules/AddonManager.jsm:3122 < observe()@jar:file:///Applications/Firefox.app/Contents/Resources/omni.ja!/components/addonManager.js:65
1511423294659	Marionette	INFO	Enabled via --marionette
2017-11-23 15:48:15.550 plugin-container[52514:2451106] *** CFMessagePort: bootstrap_register(): failed 1100 (0x44c) 'Permission denied', port = 0xab27, name = 'com.apple.tsm.portname'
See /usr/include/servers/bootstrap_defs.h for the error codes.
2017-11-23 15:48:15.565 plugin-container[52514:2451106] *** CFMessagePort: bootstrap_register(): failed 1100 (0x44c) 'Permission denied', port = 0xab9f, name = 'com.apple.coredrag'
See /usr/include/servers/bootstrap_defs.h for the error codes.
1511423295787	Marionette	INFO	Listening on port 58317
JavaScript error: chrome://marionette/content/server.js, line 337: NS_ERROR_SOCKET_ADDRESS_IN_USE: Component returned failure code: 0x804b0036 (NS_ERROR_SOCKET_ADDRESS_IN_USE) [nsIServerSocket.initSpecialConnection]
1511423295873	Marionette	WARN	TLS certificate errors will be ignored for this session
1511423295899	Marionette	DEBUG	loaded listener.js
1511423295919	Marionette	DEBUG	Received DOM event "beforeunload" for "about:blank"
1511423296317	Marionette	DEBUG	Received DOM event "pagehide" for "about:blank"
1511423296317	Marionette	DEBUG	Received DOM event "unload" for "about:blank"
JavaScript error: https://ss1.bdstatic.com/5eN1bjq8AAUYm2zgoY3K/r/www/cache/static/protocol/https/plugins/every_cookie_mac_82990d4.js, line 4: ReferenceError: c is not defined
1511423296805	Marionette	DEBUG	Received DOM event "DOMContentLoaded" for "https://www.baidu.com/"
1511423296896	Marionette	DEBUG	Received DOM event "pageshow" for "https://www.baidu.com/"
1511423313729	geckodriver	INFO	geckodriver 0.19.1
1511423313735	geckodriver	INFO	Listening on 127.0.0.1:58434
1511423314092	mozrunner::runner	INFO	Running command: "/Applications/Firefox.app/Contents/MacOS/firefox-bin" "-marionette" "-profile" "/var/folders/36/m0r28rn14_76wbg6dxy6q7q40000gn/T/rust_mozprofile.ILUl3pNOopXT"
1511423314281	addons.xpi	WARN	Error parsing extensions state: [Exception... "Component returned failure code: 0x80520012 (NS_ERROR_FILE_NOT_FOUND) [amIAddonManagerStartup.readStartupData]"  nsresult: "0x80520012 (NS_ERROR_FILE_NOT_FOUND)"  location: "JS frame :: resource://gre/modules/addons/XPIProvider.jsm :: loadExtensionState :: line 1596"  data: no] Stack trace: loadExtensionState()@resource://gre/modules/addons/XPIProvider.jsm:1596 < getInstallState()@resource://gre/modules/addons/XPIProvider.jsm:1631 < checkForChanges()@resource://gre/modules/addons/XPIProvider.jsm:3152 < startup()@resource://gre/modules/addons/XPIProvider.jsm:2246 < callProvider()@resource://gre/modules/AddonManager.jsm:271 < _startProvider()@resource://gre/modules/AddonManager.jsm:741 < startup()@resource://gre/modules/AddonManager.jsm:908 < startup()@resource://gre/modules/AddonManager.jsm:3122 < observe()@jar:file:///Applications/Firefox.app/Contents/Resources/omni.ja!/components/addonManager.js:65
1511423314525	Marionette	INFO	Enabled via --marionette
2017-11-23 15:48:35.441 plugin-container[52565:2453517] *** CFMessagePort: bootstrap_register(): failed 1100 (0x44c) 'Permission denied', port = 0xad3b, name = 'com.apple.tsm.portname'
See /usr/include/servers/bootstrap_defs.h for the error codes.
2017-11-23 15:48:35.456 plugin-container[52565:2453517] *** CFMessagePort: bootstrap_register(): failed 1100 (0x44c) 'Permission denied', port = 0xad77, name = 'com.apple.coredrag'
See /usr/include/servers/bootstrap_defs.h for the error codes.
1511423315689	Marionette	INFO	Listening on port 58443
JavaScript error: chrome://marionette/content/server.js, line 337: NS_ERROR_SOCKET_ADDRESS_IN_USE: Component returned failure code: 0x804b0036 (NS_ERROR_SOCKET_ADDRESS_IN_USE) [nsIServerSocket.initSpecialConnection]
1511423315758	Marionette	WARN	TLS certificate errors will be ignored for this session
1511423315784	Marionette	DEBUG	loaded listener.js
1511423315797	Marionette	DEBUG	Received DOM event "beforeunload" for "about:blank"
1511423316136	Marionette	DEBUG	Received DOM event "pagehide" for "about:blank"
1511423316137	Marionette	DEBUG	Received DOM event "unload" for "about:blank"
JavaScript error: https://ss1.bdstatic.com/5eN1bjq8AAUYm2zgoY3K/r/www/cache/static/protocol/https/plugins/every_cookie_mac_82990d4.js, line 4: ReferenceError: c is not defined
1511423317169	Marionette	DEBUG	Received DOM event "DOMContentLoaded" for "https://www.baidu.com/"
1511423317352	Marionette	DEBUG	Received DOM event "pageshow" for "https://www.baidu.com/"
2017-11-23 15:48:37.696 firefox-bin[52557:2453351] IMKInputSession [0x1256622c0 presentFunctionRowItemTextInputViewWithEndpoint:completionHandler:] : [self textInputContext]=0x1318abe80 *NO* NSRemoteViewController to client, NSError=Error Domain=NSCocoaErrorDomain Code=4097 "connection from pid 0" UserInfo={NSDebugDescription=connection from pid 0}, com.apple.inputmethod.EmojiFunctionRowItem
2017-11-23 15:48:39.305 firefox-bin[52557:2453351] IMKInputSession [0x1256622c0 presentFunctionRowItemTextInputViewWithEndpoint:completionHandler:] : [self textInputContext]=0x1318abe80 *NO* NSRemoteViewController to client, NSError=Error Domain=NSCocoaErrorDomain Code=4097 "connection from pid 0" UserInfo={NSDebugDescription=connection from pid 0}, com.apple.inputmethod.EmojiFunctionRowItem
1511424869889	geckodriver	INFO	geckodriver 0.19.1
1511424869892	geckodriver	INFO	Listening on 127.0.0.1:64267
1511424870254	mozrunner::runner	INFO	Running command: "/Applications/Firefox.app/Contents/MacOS/firefox-bin" "-marionette" "-profile" "/var/folders/36/m0r28rn14_76wbg6dxy6q7q40000gn/T/rust_mozprofile.ELDkEEJe8jH4"
1511424870448	addons.xpi	WARN	Error parsing extensions state: [Exception... "Component returned failure code: 0x80520012 (NS_ERROR_FILE_NOT_FOUND) [amIAddonManagerStartup.readStartupData]"  nsresult: "0x80520012 (NS_ERROR_FILE_NOT_FOUND)"  location: "JS frame :: resource://gre/modules/addons/XPIProvider.jsm :: loadExtensionState :: line 1596"  data: no] Stack trace: loadExtensionState()@resource://gre/modules/addons/XPIProvider.jsm:1596 < getInstallState()@resource://gre/modules/addons/XPIProvider.jsm:1631 < checkForChanges()@resource://gre/modules/addons/XPIProvider.jsm:3152 < startup()@resource://gre/modules/addons/XPIProvider.jsm:2246 < callProvider()@resource://gre/modules/AddonManager.jsm:271 < _startProvider()@resource://gre/modules/AddonManager.jsm:741 < startup()@resource://gre/modules/AddonManager.jsm:908 < startup()@resource://gre/modules/AddonManager.jsm:3122 < observe()@jar:file:///Applications/Firefox.app/Contents/Resources/omni.ja!/components/addonManager.js:65
1511424870691	Marionette	INFO	Enabled via --marionette
2017-11-23 16:14:31.509 plugin-container[53905:2498869] *** CFMessagePort: bootstrap_register(): failed 1100 (0x44c) 'Permission denied', port = 0xab3b, name = 'com.apple.tsm.portname'
See /usr/include/servers/bootstrap_defs.h for the error codes.
2017-11-23 16:14:31.539 plugin-container[53905:2498869] *** CFMessagePort: bootstrap_register(): failed 1100 (0x44c) 'Permission denied', port = 0xb187, name = 'com.apple.coredrag'
See /usr/include/servers/bootstrap_defs.h for the error codes.
1511424871741	Marionette	INFO	Listening on port 64277
JavaScript error: chrome://marionette/content/server.js, line 337: NS_ERROR_SOCKET_ADDRESS_IN_USE: Component returned failure code: 0x804b0036 (NS_ERROR_SOCKET_ADDRESS_IN_USE) [nsIServerSocket.initSpecialConnection]
1511424871907	Marionette	WARN	TLS certificate errors will be ignored for this session
1511424871934	Marionette	DEBUG	loaded listener.js
1511424871952	Marionette	DEBUG	Received DOM event "beforeunload" for "about:blank"
1511424872640	Marionette	DEBUG	Received DOM event "pagehide" for "about:blank"
1511424872640	Marionette	DEBUG	Received DOM event "unload" for "about:blank"
2017-11-23 16:14:33.460 firefox-bin[53904:2498783] IMKInputSession [0x122065230 presentFunctionRowItemTextInputViewWithEndpoint:completionHandler:] : [self textInputContext]=0x12e2ba040 *NO* NSRemoteViewController to client, NSError=Error Domain=NSCocoaErrorDomain Code=4097 "connection from pid 0" UserInfo={NSDebugDescription=connection from pid 0}, com.apple.inputmethod.EmojiFunctionRowItem
1511424879988	Marionette	DEBUG	Received DOM event "pageshow" for "https://www.python.org/"
2017-11-23 16:14:40.058 firefox-bin[53904:2498783] IMKInputSession [0x122065230 presentFunctionRowItemTextInputViewWithEndpoint:completionHandler:] : [self textInputContext]=0x12e2ba040 *NO* NSRemoteViewController to client, NSError=Error Domain=NSCocoaErrorDomain Code=4097 "connection from pid 0" UserInfo={NSDebugDescription=connection from pid 0}, com.apple.inputmethod.EmojiFunctionRowItem
JavaScript error: https://www.python.org/static/js/main-min.js, line 9: ReferenceError: jQuery is not defined
1511424892224	geckodriver	INFO	geckodriver 0.19.1
1511424892228	geckodriver	INFO	Listening on 127.0.0.1:64408
1511424892589	mozrunner::runner	INFO	Running command: "/Applications/Firefox.app/Contents/MacOS/firefox-bin" "-marionette" "-profile" "/var/folders/36/m0r28rn14_76wbg6dxy6q7q40000gn/T/rust_mozprofile.nqxXEbUEoPHH"
1511424892778	addons.xpi	WARN	Error parsing extensions state: [Exception... "Component returned failure code: 0x80520012 (NS_ERROR_FILE_NOT_FOUND) [amIAddonManagerStartup.readStartupData]"  nsresult: "0x80520012 (NS_ERROR_FILE_NOT_FOUND)"  location: "JS frame :: resource://gre/modules/addons/XPIProvider.jsm :: loadExtensionState :: line 1596"  data: no] Stack trace: loadExtensionState()@resource://gre/modules/addons/XPIProvider.jsm:1596 < getInstallState()@resource://gre/modules/addons/XPIProvider.jsm:1631 < checkForChanges()@resource://gre/modules/addons/XPIProvider.jsm:3152 < startup()@resource://gre/modules/addons/XPIProvider.jsm:2246 < callProvider()@resource://gre/modules/AddonManager.jsm:271 < _startProvider()@resource://gre/modules/AddonManager.jsm:741 < startup()@resource://gre/modules/AddonManager.jsm:908 < startup()@resource://gre/modules/AddonManager.jsm:3122 < observe()@jar:file:///Applications/Firefox.app/Contents/Resources/omni.ja!/components/addonManager.js:65
1511424893018	Marionette	INFO	Enabled via --marionette
2017-11-23 16:14:53.834 plugin-container[53963:2500980] *** CFMessagePort: bootstrap_register(): failed 1100 (0x44c) 'Permission denied', port = 0xad2f, name = 'com.apple.tsm.portname'
See /usr/include/servers/bootstrap_defs.h for the error codes.
2017-11-23 16:14:53.848 plugin-container[53963:2500980] *** CFMessagePort: bootstrap_register(): failed 1100 (0x44c) 'Permission denied', port = 0xb487, name = 'com.apple.coredrag'
See /usr/include/servers/bootstrap_defs.h for the error codes.
1511424894063	Marionette	INFO	Listening on port 64415
JavaScript error: chrome://marionette/content/server.js, line 337: NS_ERROR_SOCKET_ADDRESS_IN_USE: Component returned failure code: 0x804b0036 (NS_ERROR_SOCKET_ADDRESS_IN_USE) [nsIServerSocket.initSpecialConnection]
1511424894248	Marionette	WARN	TLS certificate errors will be ignored for this session
1511424894275	Marionette	DEBUG	loaded listener.js
1511424894287	Marionette	DEBUG	Received DOM event "beforeunload" for "about:blank"
1511424894869	Marionette	DEBUG	Received DOM event "pagehide" for "about:blank"
1511424894870	Marionette	DEBUG	Received DOM event "unload" for "about:blank"
2017-11-23 16:14:56.181 firefox-bin[53962:2500868] IMKInputSession [0x145df63a0 presentFunctionRowItemTextInputViewWithEndpoint:completionHandler:] : [self textInputContext]=0x144daf400 *NO* NSRemoteViewController to client, NSError=Error Domain=NSCocoaErrorDomain Code=4097 "connection from pid 0" UserInfo={NSDebugDescription=connection from pid 0}, com.apple.inputmethod.EmojiFunctionRowItem
1511424899676	Marionette	DEBUG	Received DOM event "pageshow" for "https://www.python.org/"
2017-11-23 16:14:59.744 firefox-bin[53962:2500868] IMKInputSession [0x145df63a0 presentFunctionRowItemTextInputViewWithEndpoint:completionHandler:] : [self textInputContext]=0x144daf400 *NO* NSRemoteViewController to client, NSError=Error Domain=NSCocoaErrorDomain Code=4097 "connection from pid 0" UserInfo={NSDebugDescription=connection from pid 0}, com.apple.inputmethod.EmojiFunctionRowItem
JavaScript error: https://www.python.org/static/js/main-min.js, line 9: ReferenceError: jQuery is not defined
1511425698873	geckodriver	INFO	geckodriver 0.19.1
1511425698877	geckodriver	INFO	Listening on 127.0.0.1:51596
1511425699236	mozrunner::runner	INFO	Running command: "/Applications/Firefox.app/Contents/MacOS/firefox-bin" "-marionette" "-profile" "/var/folders/36/m0r28rn14_76wbg6dxy6q7q40000gn/T/rust_mozprofile.ZlXlpa7aVUi1"
1511425699433	addons.xpi	WARN	Error parsing extensions state: [Exception... "Component returned failure code: 0x80520012 (NS_ERROR_FILE_NOT_FOUND) [amIAddonManagerStartup.readStartupData]"  nsresult: "0x80520012 (NS_ERROR_FILE_NOT_FOUND)"  location: "JS frame :: resource://gre/modules/addons/XPIProvider.jsm :: loadExtensionState :: line 1596"  data: no] Stack trace: loadExtensionState()@resource://gre/modules/addons/XPIProvider.jsm:1596 < getInstallState()@resource://gre/modules/addons/XPIProvider.jsm:1631 < checkForChanges()@resource://gre/modules/addons/XPIProvider.jsm:3152 < startup()@resource://gre/modules/addons/XPIProvider.jsm:2246 < callProvider()@resource://gre/modules/AddonManager.jsm:271 < _startProvider()@resource://gre/modules/AddonManager.jsm:741 < startup()@resource://gre/modules/AddonManager.jsm:908 < startup()@resource://gre/modules/AddonManager.jsm:3122 < observe()@jar:file:///Applications/Firefox.app/Contents/Resources/omni.ja!/components/addonManager.js:65
1511425699678	Marionette	INFO	Enabled via --marionette
2017-11-23 16:28:20.594 plugin-container[54890:2546973] *** CFMessagePort: bootstrap_register(): failed 1100 (0x44c) 'Permission denied', port = 0xae2b, name = 'com.apple.tsm.portname'
See /usr/include/servers/bootstrap_defs.h for the error codes.
2017-11-23 16:28:20.629 plugin-container[54890:2546973] *** CFMessagePort: bootstrap_register(): failed 1100 (0x44c) 'Permission denied', port = 0xae47, name = 'com.apple.coredrag'
See /usr/include/servers/bootstrap_defs.h for the error codes.
1511425700707	Marionette	INFO	Listening on port 51604
JavaScript error: chrome://marionette/content/server.js, line 337: NS_ERROR_SOCKET_ADDRESS_IN_USE: Component returned failure code: 0x804b0036 (NS_ERROR_SOCKET_ADDRESS_IN_USE) [nsIServerSocket.initSpecialConnection]
1511425700877	Marionette	WARN	TLS certificate errors will be ignored for this session
1511425700904	Marionette	DEBUG	loaded listener.js
1511425700917	Marionette	DEBUG	Received DOM event "beforeunload" for "about:blank"
1511425701562	Marionette	DEBUG	Received DOM event "pagehide" for "about:blank"
1511425701562	Marionette	DEBUG	Received DOM event "unload" for "about:blank"
2017-11-23 16:28:29.925 firefox-bin[54889:2546842] IMKInputSession [0x11b55f2c0 presentFunctionRowItemTextInputViewWithEndpoint:completionHandler:] : [self textInputContext]=0x11e1b1280 *NO* NSRemoteViewController to client, NSError=Error Domain=NSCocoaErrorDomain Code=4097 "connection from pid 0" UserInfo={NSDebugDescription=connection from pid 0}, com.apple.inputmethod.EmojiFunctionRowItem
1511425720979	Marionette	DEBUG	Received observer notification "outer-window-destroyed" for "2147483649"
JavaScript error: jar:file:///Applications/Firefox.app/Contents/Resources/browser/omni.ja!/components/nsBrowserGlue.js, line 999: TypeError: win is null
JavaScript error: jar:file:///Applications/Firefox.app/Contents/Resources/browser/omni.ja!/components/nsBrowserGlue.js, line 999: TypeError: win is null
JavaScript error: jar:file:///Applications/Firefox.app/Contents/Resources/browser/omni.ja!/components/nsBrowserGlue.js, line 999: TypeError: win is null
JavaScript error: jar:file:///Applications/Firefox.app/Contents/Resources/browser/omni.ja!/components/nsBrowserGlue.js, line 999: TypeError: win is null
JavaScript error: jar:file:///Applications/Firefox.app/Contents/Resources/browser/omni.ja!/components/nsBrowserGlue.js, line 999: TypeError: win is null
JavaScript error: jar:file:///Applications/Firefox.app/Contents/Resources/browser/omni.ja!/components/nsBrowserGlue.js, line 999: TypeError: win is null
JavaScript error: jar:file:///Applications/Firefox.app/Contents/Resources/browser/omni.ja!/components/nsBrowserGlue.js, line 999: TypeError: win is null
JavaScript error: jar:file:///Applications/Firefox.app/Contents/Resources/browser/omni.ja!/components/nsBrowserGlue.js, line 999: TypeError: win is null
