Arguments: 
  /usr/local/Cellar/node/8.4.0/bin/node /usr/local/Cellar/yarn/0.27.5_1/libexec/bin/yarn.js add clipboard

PATH: 
  /usr/local/bin:/usr/bin:/bin:/usr/sbin:/sbin

Yarn version: 
  0.27.5

Node version: 
  8.4.0

Platform: 
  darwin x64

npm manifest: 
  {
    "name": "clipboard",
    "version": "1.0.0",
    "main": "index.js",
    "license": "MIT"
  }

yarn manifest: 
  No manifest

Lockfile: 
  No lockfile

Trace: 
  Error: https://registry.yarnpkg.com/clipboard: ETIMEDOUT
      at Timeout._onTimeout (/usr/local/Cellar/yarn/0.27.5_1/libexec/lib/yarn-cli.js:114906:19)
      at ontimeout (timers.js:469:11)
      at tryOnTimeout (timers.js:304:5)
      at Timer.listOnTimeout (timers.js:264:5)
